{"logTime": "0525/225207", "correlationVector":"9QnBjzN31sRamFC4yCzvHC.0","action":"FeedSettingFetch_homeCloud", "result":"0", "context":{}}
{"logTime": "0525/225208", "correlationVector":"Ar41dEDUbv3flSMcs8Gvwc.1","action":"SyncServerConnectionManagerRequest", "result":"SYNC_SERVER_OK", "context":{"environment":"48F630A6-CB1B-4CC7-86AF-0F6627234B58", "server":"AM3PEPF00003872"}}
{"logTime": "0525/225209", "correlationVector":"Ar41dEDUbv3flSMcs8Gvwc.2","action":"AAD.Mip.Unpack", "result":"Success", "context":MIP_CLOUD_COMMERCIAL:Success}
{"logTime": "0525/225209", "correlationVector":"Ar41dEDUbv3flSMcs8Gvwc.3","action":"AAD.GetKeyResponse", "result":"Success", "context":Keys=5.LastKeyStatus=Normal. 2022-05-09 15:50:35 +03.State=None}
{"logTime": "0525/225209", "correlationVector":"Ar41dEDUbv3flSMcs8Gvwc","action":"Initial GetUpdates", "result":""}
{"logTime": "0525/225209", "correlationVector":"Ar41dEDUbv3flSMcs8Gvwc.4","action":"GetUpdates Response", "result":"SYNCER_OK"}
{"logTime": "0525/225209", "correlationVector":"W0OezGHVO3rHAyfC6YtkY0","action":"Initial GetUpdates", "result":""}
{"logTime": "0525/225210", "correlationVector":"W0OezGHVO3rHAyfC6YtkY0.1","action":"SyncServerConnectionManagerRequest", "result":"SYNC_SERVER_OK", "context":{"environment":"48F630A6-CB1B-4CC7-86AF-0F6627234B58", "server":"AM3PEPF00003872"}}
{"logTime": "0525/225210", "correlationVector":"W0OezGHVO3rHAyfC6YtkY0.2","action":"GetUpdates Response", "result":"SYNCER_OK"}
{"logTime": "0525/225210", "correlationVector":"3YGBaPQGffkcdUcvGe0c85","action":"Initial GetUpdates", "result":""}
{"logTime": "0525/225210", "correlationVector":"3YGBaPQGffkcdUcvGe0c85.1","action":"SyncServerConnectionManagerRequest", "result":"SYNC_SERVER_OK", "context":{"environment":"48F630A6-CB1B-4CC7-86AF-0F6627234B58", "server":"AM3PEPF00003872"}}
{"logTime": "0525/225210", "correlationVector":"3YGBaPQGffkcdUcvGe0c85.2","action":"GetUpdates Response", "result":"SYNCER_OK"}
{"logTime": "0525/225210", "correlationVector":"3DHL8Pg3SruoQsE9j/J2me","action":"Normal GetUpdate request", "result":""}
{"logTime": "0525/225210", "correlationVector":"3DHL8Pg3SruoQsE9j/J2me.1","action":"SyncServerConnectionManagerRequest", "result":"SYNC_SERVER_OK", "context":{"environment":"48F630A6-CB1B-4CC7-86AF-0F6627234B58", "server":"AM3PEPF00003872"}}
{"logTime": "0525/225210", "correlationVector":"3DHL8Pg3SruoQsE9j/J2me.2","action":"GetUpdates Response", "result":"SYNCER_OK"}
{"logTime": "0525/225210", "correlationVector":"YCsPjquiDXpyqtaSxHG8QI","action":"Commit Request", "result":""}
{"logTime": "0525/225211", "correlationVector":"YCsPjquiDXpyqtaSxHG8QI.1","action":"SyncServerConnectionManagerRequest", "result":"SYNC_SERVER_OK", "context":{"environment":"48F630A6-CB1B-4CC7-86AF-0F6627234B58", "server":"AM3PEPF00003872"}}
{"logTime": "0525/225211", "correlationVector":"YCsPjquiDXpyqtaSxHG8QI.2","action":"Commit Response", "result":"SYNCER_OK"}
{"logTime": "0525/225211", "correlationVector":"6qj6xZMKQIBTDmHY4IabWV","action":"Commit Request", "result":""}
{"logTime": "0525/225211", "correlationVector":"6qj6xZMKQIBTDmHY4IabWV.1","action":"SyncServerConnectionManagerRequest", "result":"SYNC_SERVER_OK", "context":{"environment":"48F630A6-CB1B-4CC7-86AF-0F6627234B58", "server":"AM3PEPF00003872"}}
{"logTime": "0525/225211", "correlationVector":"6qj6xZMKQIBTDmHY4IabWV.2","action":"Commit Response", "result":"SYNCER_OK"}
{"logTime": "0525/231210", "correlationVector":"63ZI9dfsj1eQyv5rCYCVI3.0","action":"FeedSettingFetch_homeCloud", "result":"0", "context":{}}
{"logTime": "0525/231210", "correlationVector":"r+BNR3hii/RRPtfOrfhZDF.1","action":"SyncServerConnectionManagerRequest", "result":"SYNC_SERVER_OK", "context":{"environment":"48F630A6-CB1B-4CC7-86AF-0F6627234B58", "server":"AM3PEPF00001EFE"}}
{"logTime": "0525/231210", "correlationVector":"r+BNR3hii/RRPtfOrfhZDF.2","action":"AAD.Mip.Unpack", "result":"Success", "context":MIP_CLOUD_COMMERCIAL:Success}
{"logTime": "0525/231210", "correlationVector":"r+BNR3hii/RRPtfOrfhZDF.3","action":"AAD.GetKeyResponse", "result":"Success", "context":Keys=5.LastKeyStatus=Normal. 2022-05-09 15:50:35 +03.State=None}
{"logTime": "0525/231210", "correlationVector":"r+BNR3hii/RRPtfOrfhZDF","action":"Initial GetUpdates", "result":""}
{"logTime": "0525/231210", "correlationVector":"r+BNR3hii/RRPtfOrfhZDF.4","action":"GetUpdates Response", "result":"SYNCER_OK"}
{"logTime": "0525/231210", "correlationVector":"i8iTbFMcV4NiRFysHOXoNk","action":"Normal GetUpdate request", "result":""}
{"logTime": "0525/231210", "correlationVector":"i8iTbFMcV4NiRFysHOXoNk.1","action":"SyncServerConnectionManagerRequest", "result":"SYNC_SERVER_OK", "context":{"environment":"48F630A6-CB1B-4CC7-86AF-0F6627234B58", "server":"AM3PEPF00001EFE"}}
{"logTime": "0525/231210", "correlationVector":"i8iTbFMcV4NiRFysHOXoNk.2","action":"GetUpdates Response", "result":"SYNCER_OK"}
{"logTime": "0525/231334", "correlationVector":"XmB4MohCuyiKbc2LQC3G9g.0","action":"FeedSettingFetch_homeCloud", "result":"0", "context":{}}
{"logTime": "0525/231334", "correlationVector":"4AeRzpIJG5wRMhCNqEku9c.1","action":"SyncServerConnectionManagerRequest", "result":"SYNC_SERVER_OK", "context":{"environment":"48F630A6-CB1B-4CC7-86AF-0F6627234B58", "server":"AM3PEPF00001EF9"}}
{"logTime": "0525/231334", "correlationVector":"4AeRzpIJG5wRMhCNqEku9c.2","action":"AAD.Mip.Unpack", "result":"Success", "context":MIP_CLOUD_COMMERCIAL:Success}
{"logTime": "0525/231334", "correlationVector":"4AeRzpIJG5wRMhCNqEku9c.3","action":"AAD.GetKeyResponse", "result":"Success", "context":Keys=5.LastKeyStatus=Normal. 2022-05-09 15:50:35 +03.State=None}
{"logTime": "0525/231334", "correlationVector":"4AeRzpIJG5wRMhCNqEku9c","action":"Initial GetUpdates", "result":""}
{"logTime": "0525/231334", "correlationVector":"4AeRzpIJG5wRMhCNqEku9c.4","action":"GetUpdates Response", "result":"SYNCER_OK"}
{"logTime": "0525/231334", "correlationVector":"McJNsbBpSgfyX3sYgoLqzn","action":"Normal GetUpdate request", "result":""}
{"logTime": "0525/231334", "correlationVector":"McJNsbBpSgfyX3sYgoLqzn.1","action":"SyncServerConnectionManagerRequest", "result":"SYNC_SERVER_OK", "context":{"environment":"48F630A6-CB1B-4CC7-86AF-0F6627234B58", "server":"AM3PEPF00001EF9"}}
{"logTime": "0525/231334", "correlationVector":"McJNsbBpSgfyX3sYgoLqzn.2","action":"GetUpdates Response", "result":"SYNCER_OK"}
{"logTime": "0527/150938", "correlationVector":"073wrfepbfVPx07yKE9eUu.0","action":"FeedSettingFetch_homeCloud", "result":"0", "context":{}}
{"logTime": "0527/150938", "correlationVector":"Fek2YTsNFwGxk3x0eohtZ6.1","action":"SyncServerConnectionManagerRequest", "result":"SYNC_SERVER_OK", "context":{"environment":"48F630A6-CB1B-4CC7-86AF-0F6627234B58", "server":"AM3PEPF00003873"}}
{"logTime": "0527/150938", "correlationVector":"Fek2YTsNFwGxk3x0eohtZ6","action":"Initial GetUpdates", "result":""}
{"logTime": "0527/150938", "correlationVector":"Fek2YTsNFwGxk3x0eohtZ6.2","action":"GetUpdates Response", "result":"SYNCER_OK"}
{"logTime": "0527/150938", "correlationVector":"nHIBC+nyN+CGCXsD3VtLQI","action":"Normal GetUpdate request", "result":""}
{"logTime": "0527/150938", "correlationVector":"nHIBC+nyN+CGCXsD3VtLQI.1","action":"SyncServerConnectionManagerRequest", "result":"SYNC_SERVER_OK", "context":{"environment":"48F630A6-CB1B-4CC7-86AF-0F6627234B58", "server":"AM3PEPF00003873"}}
{"logTime": "0527/150938", "correlationVector":"nHIBC+nyN+CGCXsD3VtLQI.2","action":"AAD.Mip.Unpack", "result":"Success", "context":MIP_CLOUD_COMMERCIAL:Success}
{"logTime": "0527/150938", "correlationVector":"nHIBC+nyN+CGCXsD3VtLQI.3","action":"AAD.GetKeyResponse", "result":"Success", "context":Keys=5.LastKeyStatus=Normal. 2022-05-09 15:50:35 +03.State=None}
{"logTime": "0527/150938", "correlationVector":"nHIBC+nyN+CGCXsD3VtLQI.4","action":"GetUpdates Response", "result":"SYNCER_OK"}
{"logTime": "0527/150938", "correlationVector":"D3IA494LngeVKaMM8fqaRj","action":"Commit Request", "result":""}
{"logTime": "0527/150938", "correlationVector":"D3IA494LngeVKaMM8fqaRj.1","action":"SyncServerConnectionManagerRequest", "result":"SYNC_SERVER_OK", "context":{"environment":"48F630A6-CB1B-4CC7-86AF-0F6627234B58", "server":"AM3PEPF00003873"}}
{"logTime": "0527/150938", "correlationVector":"D3IA494LngeVKaMM8fqaRj.2","action":"Commit Response", "result":"SYNCER_OK"}
{"logTime": "0527/150938", "correlationVector":"WlD1tWhUZsAYrVjfDLK5ZA","action":"Normal GetUpdate request", "result":""}
{"logTime": "0527/150938", "correlationVector":"WlD1tWhUZsAYrVjfDLK5ZA.1","action":"SyncServerConnectionManagerRequest", "result":"SYNC_SERVER_OK", "context":{"environment":"48F630A6-CB1B-4CC7-86AF-0F6627234B58", "server":"AM3PEPF00003873"}}
{"logTime": "0527/150938", "correlationVector":"WlD1tWhUZsAYrVjfDLK5ZA.2","action":"GetUpdates Response", "result":"SYNCER_OK"}
{"logTime": "0527/151046", "correlationVector":"qkNwr3HGk5POQ3Y0+lwru3","action":"Poll GetUpdate request", "result":""}
{"logTime": "0527/151046", "correlationVector":"qkNwr3HGk5POQ3Y0+lwru3.1","action":"SyncServerConnectionManagerRequest", "result":"SYNC_SERVER_OK", "context":{"environment":"48F630A6-CB1B-4CC7-86AF-0F6627234B58", "server":"AM3PEPF0000386F"}}
{"logTime": "0527/151046", "correlationVector":"qkNwr3HGk5POQ3Y0+lwru3.2","action":"GetUpdates Response", "result":"SYNCER_OK"}
{"logTime": "0530/081733", "correlationVector":"qI6I/fLO/CaZ002OZJurM8.0","action":"FeedSettingFetch_homeCloud", "result":"0", "context":{}}
{"logTime": "0530/081733", "correlationVector":"VHWbM8jA8gsgnN/N7VOenA.1","action":"SyncServerConnectionManagerRequest", "result":"SYNC_SERVER_OK", "context":{"environment":"48F630A6-CB1B-4CC7-86AF-0F6627234B58", "server":"AM3PEPF00003875"}}
{"logTime": "0530/081733", "correlationVector":"VHWbM8jA8gsgnN/N7VOenA.2","action":"AAD.Mip.Unpack", "result":"Success", "context":MIP_CLOUD_COMMERCIAL:Success}
{"logTime": "0530/081733", "correlationVector":"VHWbM8jA8gsgnN/N7VOenA.3","action":"AAD.GetKeyResponse", "result":"Success", "context":Keys=5.LastKeyStatus=Normal. 2022-05-09 15:50:35 +03.State=None}
{"logTime": "0530/081733", "correlationVector":"VHWbM8jA8gsgnN/N7VOenA","action":"Initial GetUpdates", "result":""}
{"logTime": "0530/081733", "correlationVector":"VHWbM8jA8gsgnN/N7VOenA.4","action":"GetUpdates Response", "result":"SYNCER_OK"}
{"logTime": "0530/081733", "correlationVector":"gDysi//CANNmoiHVY1WYeG","action":"Normal GetUpdate request", "result":""}
{"logTime": "0530/081733", "correlationVector":"gDysi//CANNmoiHVY1WYeG.1","action":"SyncServerConnectionManagerRequest", "result":"SYNC_SERVER_OK", "context":{"environment":"48F630A6-CB1B-4CC7-86AF-0F6627234B58", "server":"AM3PEPF00003875"}}
{"logTime": "0530/081733", "correlationVector":"gDysi//CANNmoiHVY1WYeG.2","action":"GetUpdates Response", "result":"SYNCER_OK"}
{"logTime": "0530/081733", "correlationVector":"YUSciyT1RwKPO1NERZS7lA","action":"Commit Request", "result":""}
{"logTime": "0530/081733", "correlationVector":"YUSciyT1RwKPO1NERZS7lA.1","action":"SyncServerConnectionManagerRequest", "result":"SYNC_SERVER_OK", "context":{"environment":"48F630A6-CB1B-4CC7-86AF-0F6627234B58", "server":"AM3PEPF00003875"}}
{"logTime": "0530/081733", "correlationVector":"YUSciyT1RwKPO1NERZS7lA.2","action":"Commit Response", "result":"SYNCER_OK"}
{"logTime": "0530/082007", "correlationVector":"m9tg9iw9INZ1EgfTuwWjL8","action":"Poll GetUpdate request", "result":""}
{"logTime": "0530/082008", "correlationVector":"m9tg9iw9INZ1EgfTuwWjL8.1","action":"SyncServerConnectionManagerRequest", "result":"SYNC_SERVER_OK", "context":{"environment":"48F630A6-CB1B-4CC7-86AF-0F6627234B58", "server":"AM3PEPF00003878"}}
{"logTime": "0530/082008", "correlationVector":"m9tg9iw9INZ1EgfTuwWjL8.2","action":"GetUpdates Response", "result":"SYNCER_OK"}
{"logTime": "0530/113337", "correlationVector":"cvYIj9IqthDMGLcuEkAVnO.0","action":"FeedSettingFetch_homeCloud", "result":"0", "context":{}}
{"logTime": "0530/113337", "correlationVector":"O36yzzUMJv8hmFN2YC0dCj.1","action":"SyncServerConnectionManagerRequest", "result":"SYNC_SERVER_OK", "context":{"environment":"48F630A6-CB1B-4CC7-86AF-0F6627234B58", "server":"DB5PEPF000043EA"}}
{"logTime": "0530/113337", "correlationVector":"O36yzzUMJv8hmFN2YC0dCj.2","action":"AAD.Mip.Unpack", "result":"Success", "context":MIP_CLOUD_COMMERCIAL:Success}
{"logTime": "0530/113337", "correlationVector":"O36yzzUMJv8hmFN2YC0dCj.3","action":"AAD.GetKeyResponse", "result":"Success", "context":Keys=5.LastKeyStatus=Normal. 2022-05-09 15:50:35 +03.State=None}
{"logTime": "0530/113337", "correlationVector":"O36yzzUMJv8hmFN2YC0dCj","action":"Initial GetUpdates", "result":""}
{"logTime": "0530/113337", "correlationVector":"O36yzzUMJv8hmFN2YC0dCj.4","action":"GetUpdates Response", "result":"SYNCER_OK"}
{"logTime": "0530/113337", "correlationVector":"kUKOAeQIz8+usl58nUTEBi","action":"Normal GetUpdate request", "result":""}
{"logTime": "0530/113337", "correlationVector":"kUKOAeQIz8+usl58nUTEBi.1","action":"SyncServerConnectionManagerRequest", "result":"SYNC_SERVER_OK", "context":{"environment":"48F630A6-CB1B-4CC7-86AF-0F6627234B58", "server":"DB5PEPF000043EA"}}
{"logTime": "0530/113337", "correlationVector":"kUKOAeQIz8+usl58nUTEBi.2","action":"GetUpdates Response", "result":"SYNCER_OK"}
{"logTime": "0604/192111", "correlationVector":"HukU3COpMZ4b7/ACfAzFg2.0","action":"FeedSettingFetch_homeCloud", "result":"0", "context":{}}
{"logTime": "0604/192111", "correlationVector":"pXWgSbFjyVYnuNylpCqTd3.1","action":"SyncServerConnectionManagerRequest", "result":"SYNC_SERVER_OK", "context":{"environment":"48F630A6-CB1B-4CC7-86AF-0F6627234B58", "server":"DB5PEPF0000BD0E"}}
{"logTime": "0604/192111", "correlationVector":"pXWgSbFjyVYnuNylpCqTd3.2","action":"AAD.Mip.Unpack", "result":"Success", "context":MIP_CLOUD_COMMERCIAL:Success}
{"logTime": "0604/192111", "correlationVector":"pXWgSbFjyVYnuNylpCqTd3.3","action":"AAD.GetKeyResponse", "result":"Success", "context":Keys=5.LastKeyStatus=Normal. 2022-05-09 15:50:35 +03.State=None}
{"logTime": "0604/192111", "correlationVector":"pXWgSbFjyVYnuNylpCqTd3","action":"Initial GetUpdates", "result":""}
{"logTime": "0604/192111", "correlationVector":"pXWgSbFjyVYnuNylpCqTd3.4","action":"GetUpdates Response", "result":"SYNCER_OK"}
{"logTime": "0604/192111", "correlationVector":"ErPIggttQ/nsmwAjEBU0mX","action":"Normal GetUpdate request", "result":""}
{"logTime": "0604/192111", "correlationVector":"ErPIggttQ/nsmwAjEBU0mX.1","action":"SyncServerConnectionManagerRequest", "result":"SYNC_SERVER_OK", "context":{"environment":"48F630A6-CB1B-4CC7-86AF-0F6627234B58", "server":"DB5PEPF000043D2"}}
{"logTime": "0604/192111", "correlationVector":"ErPIggttQ/nsmwAjEBU0mX.2","action":"GetUpdates Response", "result":"SYNCER_OK"}
{"logTime": "0604/192111", "correlationVector":"IccL28xueeFUlbWMyiYgHa","action":"Commit Request", "result":""}
{"logTime": "0604/192111", "correlationVector":"IccL28xueeFUlbWMyiYgHa.1","action":"SyncServerConnectionManagerRequest", "result":"SYNC_SERVER_OK", "context":{"environment":"48F630A6-CB1B-4CC7-86AF-0F6627234B58", "server":"DB5PEPF000043D2"}}
{"logTime": "0604/192111", "correlationVector":"IccL28xueeFUlbWMyiYgHa.2","action":"Commit Response", "result":"SYNCER_OK"}
{"logTime": "0604/192514", "correlationVector":"k4juR2Auy0ITzobMkr2iZi","action":"Poll GetUpdate request", "result":""}
{"logTime": "0604/192514", "correlationVector":"k4juR2Auy0ITzobMkr2iZi.1","action":"SyncServerConnectionManagerRequest", "result":"SYNC_SERVER_OK", "context":{"environment":"48F630A6-CB1B-4CC7-86AF-0F6627234B58", "server":"AM3PEPF00001F0B"}}
{"logTime": "0604/192514", "correlationVector":"k4juR2Auy0ITzobMkr2iZi.2","action":"GetUpdates Response", "result":"SYNCER_OK"}
{"logTime": "0604/193246", "correlationVector":"LnDECQewq27zO7Db9+d5iG.0","action":"FeedSettingFetch_homeCloud", "result":"0", "context":{}}
{"logTime": "0604/193246", "correlationVector":"fqv1Is+THvYtytqDyWFQSU.1","action":"SyncServerConnectionManagerRequest", "result":"SYNC_SERVER_OK", "context":{"environment":"48F630A6-CB1B-4CC7-86AF-0F6627234B58", "server":"AM3PEPF00001EF4"}}
{"logTime": "0604/193246", "correlationVector":"fqv1Is+THvYtytqDyWFQSU.2","action":"AAD.Mip.Unpack", "result":"Success", "context":MIP_CLOUD_COMMERCIAL:Success}
{"logTime": "0604/193246", "correlationVector":"fqv1Is+THvYtytqDyWFQSU.3","action":"AAD.GetKeyResponse", "result":"Success", "context":Keys=5.LastKeyStatus=Normal. 2022-05-09 15:50:35 +03.State=None}
{"logTime": "0604/193246", "correlationVector":"fqv1Is+THvYtytqDyWFQSU","action":"Initial GetUpdates", "result":""}
{"logTime": "0604/193246", "correlationVector":"fqv1Is+THvYtytqDyWFQSU.4","action":"GetUpdates Response", "result":"SYNCER_OK"}
{"logTime": "0604/193246", "correlationVector":"FotfTKu3ORmEODm8Mboipj","action":"Normal GetUpdate request", "result":""}
{"logTime": "0604/193246", "correlationVector":"FotfTKu3ORmEODm8Mboipj.1","action":"SyncServerConnectionManagerRequest", "result":"SYNC_SERVER_OK", "context":{"environment":"48F630A6-CB1B-4CC7-86AF-0F6627234B58", "server":"AM3PEPF00001EF4"}}
{"logTime": "0604/193246", "correlationVector":"FotfTKu3ORmEODm8Mboipj.2","action":"GetUpdates Response", "result":"SYNCER_OK"}
{"logTime": "0604/194426", "correlationVector":"QnWr8mC32qzdZ+kylJwyt1.0","action":"FeedSettingFetch_homeCloud", "result":"0", "context":{}}
{"logTime": "0604/194426", "correlationVector":"f2WcBlxhwLaKxwbkoZjHF3.1","action":"SyncServerConnectionManagerRequest", "result":"SYNC_SERVER_OK", "context":{"environment":"48F630A6-CB1B-4CC7-86AF-0F6627234B58", "server":"DB5PEPF0000BD0A"}}
{"logTime": "0604/194426", "correlationVector":"f2WcBlxhwLaKxwbkoZjHF3.2","action":"AAD.Mip.Unpack", "result":"Success", "context":MIP_CLOUD_COMMERCIAL:Success}
{"logTime": "0604/194426", "correlationVector":"f2WcBlxhwLaKxwbkoZjHF3.3","action":"AAD.GetKeyResponse", "result":"Success", "context":Keys=5.LastKeyStatus=Normal. 2022-05-09 15:50:35 +03.State=None}
{"logTime": "0604/194426", "correlationVector":"f2WcBlxhwLaKxwbkoZjHF3","action":"Initial GetUpdates", "result":""}
{"logTime": "0604/194426", "correlationVector":"f2WcBlxhwLaKxwbkoZjHF3.4","action":"GetUpdates Response", "result":"SYNCER_OK"}
{"logTime": "0604/194426", "correlationVector":"MzrqokrrzbCZP4sDU/XT2C","action":"Normal GetUpdate request", "result":""}
{"logTime": "0604/194426", "correlationVector":"MzrqokrrzbCZP4sDU/XT2C.1","action":"SyncServerConnectionManagerRequest", "result":"SYNC_SERVER_OK", "context":{"environment":"48F630A6-CB1B-4CC7-86AF-0F6627234B58", "server":"DB5PEPF0000BD0A"}}
{"logTime": "0604/194426", "correlationVector":"MzrqokrrzbCZP4sDU/XT2C.2","action":"GetUpdates Response", "result":"SYNCER_OK"}
{"logTime": "0604/200035", "correlationVector":"BfS243isrdQ9kW/l9O7D+u.0","action":"FeedSettingFetch_homeCloud", "result":"0", "context":{}}
{"logTime": "0604/200035", "correlationVector":"In2cpHpxobu5z3Oymm8nXe.1","action":"SyncServerConnectionManagerRequest", "result":"SYNC_SERVER_OK", "context":{"environment":"48F630A6-CB1B-4CC7-86AF-0F6627234B58", "server":"DB5PEPF000043E1"}}
{"logTime": "0604/200035", "correlationVector":"In2cpHpxobu5z3Oymm8nXe.2","action":"AAD.Mip.Unpack", "result":"Success", "context":MIP_CLOUD_COMMERCIAL:Success}
{"logTime": "0604/200035", "correlationVector":"In2cpHpxobu5z3Oymm8nXe.3","action":"AAD.GetKeyResponse", "result":"Success", "context":Keys=5.LastKeyStatus=Normal. 2022-05-09 15:50:35 +03.State=None}
{"logTime": "0604/200035", "correlationVector":"In2cpHpxobu5z3Oymm8nXe","action":"Initial GetUpdates", "result":""}
{"logTime": "0604/200035", "correlationVector":"In2cpHpxobu5z3Oymm8nXe.4","action":"GetUpdates Response", "result":"SYNCER_OK"}
{"logTime": "0604/200035", "correlationVector":"Xbcgmh0UgwVSU84fM5pnG+","action":"Normal GetUpdate request", "result":""}
{"logTime": "0604/200035", "correlationVector":"Xbcgmh0UgwVSU84fM5pnG+.1","action":"SyncServerConnectionManagerRequest", "result":"SYNC_SERVER_OK", "context":{"environment":"48F630A6-CB1B-4CC7-86AF-0F6627234B58", "server":"DB5PEPF000043E1"}}
{"logTime": "0604/200035", "correlationVector":"Xbcgmh0UgwVSU84fM5pnG+.2","action":"GetUpdates Response", "result":"SYNCER_OK"}
{"logTime": "0604/201000", "correlationVector":"vEiB+sDwdQgvhVOiDROboh.0","action":"FeedSettingFetch_homeCloud", "result":"0", "context":{}}
{"logTime": "0604/201000", "correlationVector":"2ala/boKi1A46SKjWY8VEi.1","action":"SyncServerConnectionManagerRequest", "result":"SYNC_SERVER_OK", "context":{"environment":"48F630A6-CB1B-4CC7-86AF-0F6627234B58", "server":"AM3PEPF00003876"}}
{"logTime": "0604/201000", "correlationVector":"2ala/boKi1A46SKjWY8VEi.2","action":"AAD.Mip.Unpack", "result":"Success", "context":MIP_CLOUD_COMMERCIAL:Success}
{"logTime": "0604/201000", "correlationVector":"2ala/boKi1A46SKjWY8VEi.3","action":"AAD.GetKeyResponse", "result":"Success", "context":Keys=5.LastKeyStatus=Normal. 2022-05-09 15:50:35 +03.State=None}
{"logTime": "0604/201000", "correlationVector":"2ala/boKi1A46SKjWY8VEi","action":"Initial GetUpdates", "result":""}
{"logTime": "0604/201000", "correlationVector":"2ala/boKi1A46SKjWY8VEi.4","action":"GetUpdates Response", "result":"SYNCER_OK"}
{"logTime": "0604/201000", "correlationVector":"FtkPiZDpUXI7rh0WM/6EGz","action":"Normal GetUpdate request", "result":""}
{"logTime": "0604/201000", "correlationVector":"FtkPiZDpUXI7rh0WM/6EGz.1","action":"SyncServerConnectionManagerRequest", "result":"SYNC_SERVER_OK", "context":{"environment":"48F630A6-CB1B-4CC7-86AF-0F6627234B58", "server":"AM3PEPF00003876"}}
{"logTime": "0604/201000", "correlationVector":"FtkPiZDpUXI7rh0WM/6EGz.2","action":"GetUpdates Response", "result":"SYNCER_OK"}
{"logTime": "0604/225741", "correlationVector":"C/MdMefngVaKgZdv+f9qBM.0","action":"FeedSettingFetch_homeCloud", "result":"0", "context":{}}
{"logTime": "0604/225741", "correlationVector":"uz9bwEf3Qu0+obCU2kuGz2.1","action":"SyncServerConnectionManagerRequest", "result":"SYNC_SERVER_OK", "context":{"environment":"48F630A6-CB1B-4CC7-86AF-0F6627234B58", "server":"AM3PEPF00001EFF"}}
{"logTime": "0604/225741", "correlationVector":"uz9bwEf3Qu0+obCU2kuGz2.2","action":"AAD.Mip.Unpack", "result":"Success", "context":MIP_CLOUD_COMMERCIAL:Success}
{"logTime": "0604/225741", "correlationVector":"uz9bwEf3Qu0+obCU2kuGz2.3","action":"AAD.GetKeyResponse", "result":"Success", "context":Keys=5.LastKeyStatus=Normal. 2022-05-09 15:50:35 +03.State=None}
{"logTime": "0604/225741", "correlationVector":"uz9bwEf3Qu0+obCU2kuGz2","action":"Initial GetUpdates", "result":""}
{"logTime": "0604/225741", "correlationVector":"uz9bwEf3Qu0+obCU2kuGz2.4","action":"GetUpdates Response", "result":"SYNCER_OK"}
{"logTime": "0604/225741", "correlationVector":"eikc6P15nS+ltmgA/vMbHf","action":"Normal GetUpdate request", "result":""}
{"logTime": "0604/225741", "correlationVector":"eikc6P15nS+ltmgA/vMbHf.1","action":"SyncServerConnectionManagerRequest", "result":"SYNC_SERVER_OK", "context":{"environment":"48F630A6-CB1B-4CC7-86AF-0F6627234B58", "server":"AM3PEPF00003871"}}
{"logTime": "0604/225741", "correlationVector":"eikc6P15nS+ltmgA/vMbHf.2","action":"GetUpdates Response", "result":"SYNCER_OK"}
{"logTime": "0605/114213", "correlationVector":"7BSKLqvYyPJSNSp+poxyW5.0","action":"FeedSettingFetch_homeCloud", "result":"0", "context":{}}
{"logTime": "0605/114213", "correlationVector":"UdB/AzHIFyFfVitfwfuuEN.1","action":"SyncServerConnectionManagerRequest", "result":"SYNC_SERVER_OK", "context":{"environment":"48F630A6-CB1B-4CC7-86AF-0F6627234B58", "server":"AM3PEPF00001EF5"}}
{"logTime": "0605/114213", "correlationVector":"UdB/AzHIFyFfVitfwfuuEN.2","action":"AAD.Mip.Unpack", "result":"Success", "context":MIP_CLOUD_COMMERCIAL:Success}
{"logTime": "0605/114213", "correlationVector":"UdB/AzHIFyFfVitfwfuuEN.3","action":"AAD.GetKeyResponse", "result":"Success", "context":Keys=5.LastKeyStatus=Normal. 2022-05-09 15:50:35 +03.State=None}
{"logTime": "0605/114213", "correlationVector":"UdB/AzHIFyFfVitfwfuuEN","action":"Initial GetUpdates", "result":""}
{"logTime": "0605/114213", "correlationVector":"UdB/AzHIFyFfVitfwfuuEN.4","action":"GetUpdates Response", "result":"SYNCER_OK"}
{"logTime": "0605/114213", "correlationVector":"fDGJ+kJypl1A36IYxfsEm7","action":"Normal GetUpdate request", "result":""}
{"logTime": "0605/114213", "correlationVector":"fDGJ+kJypl1A36IYxfsEm7.1","action":"SyncServerConnectionManagerRequest", "result":"SYNC_SERVER_OK", "context":{"environment":"48F630A6-CB1B-4CC7-86AF-0F6627234B58", "server":"AM3PEPF00001EF5"}}
{"logTime": "0605/114213", "correlationVector":"fDGJ+kJypl1A36IYxfsEm7.2","action":"GetUpdates Response", "result":"SYNCER_OK"}
{"logTime": "0605/114440", "correlationVector":"Pc/ZDoPE0QhB+zqKG+uQiP.0","action":"FeedSettingFetch_homeCloud", "result":"0", "context":{}}
{"logTime": "0605/114440", "correlationVector":"X9fHzRjkExbpdjILvwVL6H.1","action":"SyncServerConnectionManagerRequest", "result":"SYNC_SERVER_OK", "context":{"environment":"48F630A6-CB1B-4CC7-86AF-0F6627234B58", "server":"AM3PEPF00003875"}}
{"logTime": "0605/114440", "correlationVector":"X9fHzRjkExbpdjILvwVL6H.2","action":"AAD.Mip.Unpack", "result":"Success", "context":MIP_CLOUD_COMMERCIAL:Success}
{"logTime": "0605/114440", "correlationVector":"X9fHzRjkExbpdjILvwVL6H.3","action":"AAD.GetKeyResponse", "result":"Success", "context":Keys=5.LastKeyStatus=Normal. 2022-05-09 15:50:35 +03.State=None}
{"logTime": "0605/114440", "correlationVector":"X9fHzRjkExbpdjILvwVL6H","action":"Initial GetUpdates", "result":""}
{"logTime": "0605/114440", "correlationVector":"X9fHzRjkExbpdjILvwVL6H.4","action":"GetUpdates Response", "result":"SYNCER_OK"}
{"logTime": "0605/114440", "correlationVector":"DiAhVbBE+mfko5I2p9JxPJ","action":"Normal GetUpdate request", "result":""}
{"logTime": "0605/114440", "correlationVector":"DiAhVbBE+mfko5I2p9JxPJ.1","action":"SyncServerConnectionManagerRequest", "result":"SYNC_SERVER_OK", "context":{"environment":"48F630A6-CB1B-4CC7-86AF-0F6627234B58", "server":"AM3PEPF00003875"}}
{"logTime": "0605/114440", "correlationVector":"DiAhVbBE+mfko5I2p9JxPJ.2","action":"GetUpdates Response", "result":"SYNCER_OK"}
{"logTime": "0605/142932", "correlationVector":"Q8Y8LOQPvpzi8Inc1H4sky.0","action":"FeedSettingFetch_homeCloud", "result":"0", "context":{}}
{"logTime": "0605/142932", "correlationVector":"m0By49ouQ7aK0MG7lWGREh.1","action":"SyncServerConnectionManagerRequest", "result":"SYNC_SERVER_OK", "context":{"environment":"48F630A6-CB1B-4CC7-86AF-0F6627234B58", "server":"AM3PEPF00001F09"}}
{"logTime": "0605/142932", "correlationVector":"m0By49ouQ7aK0MG7lWGREh.2","action":"AAD.Mip.Unpack", "result":"Success", "context":MIP_CLOUD_COMMERCIAL:Success}
{"logTime": "0605/142932", "correlationVector":"m0By49ouQ7aK0MG7lWGREh.3","action":"AAD.GetKeyResponse", "result":"Success", "context":Keys=5.LastKeyStatus=Normal. 2022-05-09 15:50:35 +03.State=None}
{"logTime": "0605/142932", "correlationVector":"m0By49ouQ7aK0MG7lWGREh","action":"Initial GetUpdates", "result":""}
{"logTime": "0605/142932", "correlationVector":"m0By49ouQ7aK0MG7lWGREh.4","action":"GetUpdates Response", "result":"SYNCER_OK"}
{"logTime": "0605/142932", "correlationVector":"YeBBsYUNrlJ8KZy7q3zgkM","action":"Normal GetUpdate request", "result":""}
{"logTime": "0605/142932", "correlationVector":"YeBBsYUNrlJ8KZy7q3zgkM.1","action":"SyncServerConnectionManagerRequest", "result":"SYNC_SERVER_OK", "context":{"environment":"48F630A6-CB1B-4CC7-86AF-0F6627234B58", "server":"AM3PEPF00001EF5"}}
{"logTime": "0605/142932", "correlationVector":"YeBBsYUNrlJ8KZy7q3zgkM.2","action":"GetUpdates Response", "result":"SYNCER_OK"}
